<?xml version="1.0" encoding="UTF-8"?>
<!-- Generated by org.testng.reporters.JUnitReportReporter -->
<testsuite hostname="MLBTAL-12101" name="QAD.Automation.TestDriver" tests="1" failures="0" timestamp="20 Jan 2017 13:25:04 GMT" time="25.086" errors="0">
  <testcase name="QADTest" time="25.086" classname="QAD.Automation.TestDriver"/>
</testsuite> <!-- QAD.Automation.TestDriver -->
