<?xml version="1.0" encoding="UTF-8"?>
<!-- Generated by org.testng.reporters.JUnitReportReporter -->
<testsuite hostname="MLBTAL-12101" name="QAD.Automation.TestDriver" tests="1" failures="0" timestamp="23 Jan 2017 09:42:57 GMT" time="36.157" errors="0">
  <testcase name="QADTest" time="36.157" classname="QAD.Automation.TestDriver"/>
</testsuite> <!-- QAD.Automation.TestDriver -->
